<?xml version="1.0" encoding="UTF-8"?>
<testng-results ignored="0" total="1" passed="1" failed="0" skipped="0">
  <reporter-output>
  </reporter-output>
  <suite started-at="2021-06-22T12:48:11 CEST" name="Suite" finished-at="2021-06-22T12:48:38 CEST" duration-ms="26878">
    <groups>
    </groups>
    <test started-at="2021-06-22T12:48:11 CEST" name="Test" finished-at="2021-06-22T12:48:38 CEST" duration-ms="26878">
      <class name="tests.CreateCouponTest">
        <test-method is-config="true" signature="preSetUp()[pri:0, instance:tests.CreateCouponTest@759d26fb]" started-at="2021-06-22T12:48:11 CEST" name="preSetUp" finished-at="2021-06-22T12:48:11 CEST" duration-ms="12" status="PASS">
          <reporter-output>
          </reporter-output>
        </test-method> <!-- preSetUp -->
        <test-method is-config="true" signature="setUp()[pri:0, instance:tests.CreateCouponTest@759d26fb]" started-at="2021-06-22T12:48:11 CEST" name="setUp" finished-at="2021-06-22T12:48:29 CEST" duration-ms="17518" status="PASS">
          <reporter-output>
          </reporter-output>
        </test-method> <!-- setUp -->
        <test-method signature="createCoupon()[pri:0, instance:tests.CreateCouponTest@759d26fb]" started-at="2021-06-22T12:48:29 CEST" name="createCoupon" finished-at="2021-06-22T12:48:37 CEST" duration-ms="7550" status="PASS">
          <reporter-output>
          </reporter-output>
        </test-method> <!-- createCoupon -->
        <test-method is-config="true" signature="TearDown()[pri:0, instance:tests.CreateCouponTest@759d26fb]" started-at="2021-06-22T12:48:37 CEST" name="TearDown" finished-at="2021-06-22T12:48:38 CEST" duration-ms="1349" status="PASS">
          <reporter-output>
          </reporter-output>
        </test-method> <!-- TearDown -->
        <test-method is-config="true" signature="postTearDown()[pri:0, instance:tests.CreateCouponTest@759d26fb]" started-at="2021-06-22T12:48:41 CEST" name="postTearDown" finished-at="2021-06-22T12:48:41 CEST" duration-ms="0" status="PASS">
          <reporter-output>
          </reporter-output>
        </test-method> <!-- postTearDown -->
      </class> <!-- tests.CreateCouponTest -->
    </test> <!-- Test -->
  </suite> <!-- Suite -->
</testng-results>
